0 info it worked if it ends with ok
1 verbose cli [ '/usr/bin/node', '/usr/bin/npm', 'i', 'nodemon' ]
2 info using npm@3.5.2
3 info using node@v8.10.0
4 silly loadCurrentTree Starting
5 silly install loadCurrentTree
6 silly install readLocalPackageData
7 silly fetchPackageMetaData nodemon
8 silly fetchNamedPackageData nodemon
9 silly mapToRegistry name nodemon
10 silly mapToRegistry using default registry
11 silly mapToRegistry registry https://registry.npmjs.org/
12 silly mapToRegistry uri https://registry.npmjs.org/nodemon
13 verbose request uri https://registry.npmjs.org/nodemon
14 verbose request no auth needed
15 info attempt registry request try #1 at 7:58:36 PM
16 verbose request id 383c42afb632ff3a
17 verbose etag "83466a15b569731e7fce5fa866616f7b"
18 verbose lastModified Wed, 29 Aug 2018 17:51:49 GMT
19 http request GET https://registry.npmjs.org/nodemon
20 http 304 https://registry.npmjs.org/nodemon
21 verbose headers { date: 'Sat, 08 Sep 2018 00:58:37 GMT',
21 verbose headers   connection: 'keep-alive',
21 verbose headers   'set-cookie':
21 verbose headers    [ '__cfduid=d4093491beb12cb61bef932894a67cc271536368317; expires=Sun, 08-Sep-19 00:58:37 GMT; path=/; domain=.registry.npmjs.org; HttpOnly' ],
21 verbose headers   'cf-cache-status': 'HIT',
21 verbose headers   'cache-control': 'max-age=300',
21 verbose headers   'cf-ray': '456d77c359a99b87-DFW',
21 verbose headers   etag: '"83466a15b569731e7fce5fa866616f7b"',
21 verbose headers   'expect-ct': 'max-age=604800, report-uri="https://report-uri.cloudflare.com/cdn-cgi/beacon/expect-ct"',
21 verbose headers   'last-modified': 'Wed, 29 Aug 2018 17:51:49 GMT',
21 verbose headers   vary: 'accept-encoding, accept',
21 verbose headers   'x-amz-meta-rev': '1008-c6405f8a6eda63b58f8d60cf9bd26485',
21 verbose headers   server: 'cloudflare' }
22 silly get cb [ 304,
22 silly get   { date: 'Sat, 08 Sep 2018 00:58:37 GMT',
22 silly get     connection: 'keep-alive',
22 silly get     'set-cookie':
22 silly get      [ '__cfduid=d4093491beb12cb61bef932894a67cc271536368317; expires=Sun, 08-Sep-19 00:58:37 GMT; path=/; domain=.registry.npmjs.org; HttpOnly' ],
22 silly get     'cf-cache-status': 'HIT',
22 silly get     'cache-control': 'max-age=300',
22 silly get     'cf-ray': '456d77c359a99b87-DFW',
22 silly get     etag: '"83466a15b569731e7fce5fa866616f7b"',
22 silly get     'expect-ct': 'max-age=604800, report-uri="https://report-uri.cloudflare.com/cdn-cgi/beacon/expect-ct"',
22 silly get     'last-modified': 'Wed, 29 Aug 2018 17:51:49 GMT',
22 silly get     vary: 'accept-encoding, accept',
22 silly get     'x-amz-meta-rev': '1008-c6405f8a6eda63b58f8d60cf9bd26485',
22 silly get     server: 'cloudflare' } ]
23 verbose etag https://registry.npmjs.org/nodemon from cache
24 verbose get saving nodemon to /home/matt/.npm/registry.npmjs.org/nodemon/.cache.json
25 silly install normalizeTree
26 silly loadCurrentTree Finishing
27 silly loadIdealTree Starting
28 silly install loadIdealTree
29 silly cloneCurrentTree Starting
30 silly install cloneCurrentTreeToIdealTree
31 silly cloneCurrentTree Finishing
32 silly loadShrinkwrap Starting
33 silly install loadShrinkwrap
34 silly loadShrinkwrap Finishing
35 silly loadAllDepsIntoIdealTree Starting
36 silly install loadAllDepsIntoIdealTree
37 silly resolveWithNewModule nodemon@1.18.4 checking installable status
38 silly cache add args [ 'nodemon', null ]
39 verbose cache add spec nodemon
40 silly cache add parsed spec Result {
40 silly cache add   raw: 'nodemon',
40 silly cache add   scope: null,
40 silly cache add   name: 'nodemon',
40 silly cache add   rawSpec: '',
40 silly cache add   spec: 'latest',
40 silly cache add   type: 'tag' }
41 silly addNamed nodemon@latest
42 verbose addNamed "latest" is being treated as a dist-tag for nodemon
43 info addNameTag [ 'nodemon', 'latest' ]
44 silly mapToRegistry name nodemon
45 silly mapToRegistry using default registry
46 silly mapToRegistry registry https://registry.npmjs.org/
47 silly mapToRegistry uri https://registry.npmjs.org/nodemon
48 verbose addNameTag registry:https://registry.npmjs.org/nodemon not in flight; fetching
49 verbose get https://registry.npmjs.org/nodemon not expired, no request
50 silly addNameTag next cb for nodemon with tag latest
51 silly addNamed nodemon@1.18.4
52 verbose addNamed "1.18.4" is a plain semver version for nodemon
53 silly cache afterAdd nodemon@1.18.4
54 verbose afterAdd /home/matt/.npm/nodemon/1.18.4/package/package.json not in flight; writing
55 verbose afterAdd /home/matt/.npm/nodemon/1.18.4/package/package.json written
56 silly fetchNamedPackageData debug
57 silly mapToRegistry name debug
58 silly mapToRegistry using default registry
59 silly mapToRegistry registry https://registry.npmjs.org/
60 silly mapToRegistry uri https://registry.npmjs.org/debug
61 verbose request uri https://registry.npmjs.org/debug
62 verbose request no auth needed
63 info attempt registry request try #1 at 7:58:36 PM
64 verbose etag W/"d6b5b4e8e6890d61851e58f71622647e"
65 verbose lastModified Thu, 02 Aug 2018 09:55:27 GMT
66 http request GET https://registry.npmjs.org/debug
67 http 304 https://registry.npmjs.org/debug
68 verbose headers { date: 'Sat, 08 Sep 2018 00:58:38 GMT',
68 verbose headers   connection: 'keep-alive',
68 verbose headers   'set-cookie':
68 verbose headers    [ '__cfduid=d59c68200d8861446b42c05d6ba94563a1536368318; expires=Sun, 08-Sep-19 00:58:38 GMT; path=/; domain=.registry.npmjs.org; HttpOnly' ],
68 verbose headers   'cf-cache-status': 'HIT',
68 verbose headers   'cache-control': 'max-age=300',
68 verbose headers   'cf-ray': '456d77c58c319b87-DFW',
68 verbose headers   etag: '"d6b5b4e8e6890d61851e58f71622647e"',
68 verbose headers   'expect-ct': 'max-age=604800, report-uri="https://report-uri.cloudflare.com/cdn-cgi/beacon/expect-ct"',
68 verbose headers   'last-modified': 'Thu, 02 Aug 2018 09:55:27 GMT',
68 verbose headers   vary: 'accept-encoding, accept',
68 verbose headers   server: 'cloudflare' }
69 silly get cb [ 304,
69 silly get   { date: 'Sat, 08 Sep 2018 00:58:38 GMT',
69 silly get     connection: 'keep-alive',
69 silly get     'set-cookie':
69 silly get      [ '__cfduid=d59c68200d8861446b42c05d6ba94563a1536368318; expires=Sun, 08-Sep-19 00:58:38 GMT; path=/; domain=.registry.npmjs.org; HttpOnly' ],
69 silly get     'cf-cache-status': 'HIT',
69 silly get     'cache-control': 'max-age=300',
69 silly get     'cf-ray': '456d77c58c319b87-DFW',
69 silly get     etag: '"d6b5b4e8e6890d61851e58f71622647e"',
69 silly get     'expect-ct': 'max-age=604800, report-uri="https://report-uri.cloudflare.com/cdn-cgi/beacon/expect-ct"',
69 silly get     'last-modified': 'Thu, 02 Aug 2018 09:55:27 GMT',
69 silly get     vary: 'accept-encoding, accept',
69 silly get     server: 'cloudflare' } ]
70 verbose etag https://registry.npmjs.org/debug from cache
71 verbose get saving debug to /home/matt/.npm/registry.npmjs.org/debug/.cache.json
72 silly resolveWithNewModule debug@3.1.0 checking installable status
73 silly cache add args [ 'debug@^3.1.0', null ]
74 verbose cache add spec debug@^3.1.0
75 silly cache add parsed spec Result {
75 silly cache add   raw: 'debug@^3.1.0',
75 silly cache add   scope: null,
75 silly cache add   name: 'debug',
75 silly cache add   rawSpec: '^3.1.0',
75 silly cache add   spec: '>=3.1.0 <4.0.0',
75 silly cache add   type: 'range' }
76 silly addNamed debug@>=3.1.0 <4.0.0
77 verbose addNamed ">=3.1.0 <4.0.0" is a valid semver range for debug
78 silly addNameRange { name: 'debug', range: '>=3.1.0 <4.0.0', hasData: false }
79 silly mapToRegistry name debug
80 silly mapToRegistry using default registry
81 silly mapToRegistry registry https://registry.npmjs.org/
82 silly mapToRegistry uri https://registry.npmjs.org/debug
83 verbose addNameRange registry:https://registry.npmjs.org/debug not in flight; fetching
84 verbose get https://registry.npmjs.org/debug not expired, no request
85 silly addNameRange number 2 { name: 'debug', range: '>=3.1.0 <4.0.0', hasData: true }
86 silly addNameRange versions [ 'debug',
86 silly addNameRange   [ '0.0.1',
86 silly addNameRange     '0.1.0',
86 silly addNameRange     '0.2.0',
86 silly addNameRange     '0.3.0',
86 silly addNameRange     '0.4.0',
86 silly addNameRange     '0.4.1',
86 silly addNameRange     '0.5.0',
86 silly addNameRange     '0.6.0',
86 silly addNameRange     '0.7.0',
86 silly addNameRange     '0.7.1',
86 silly addNameRange     '0.7.2',
86 silly addNameRange     '0.7.3',
86 silly addNameRange     '0.7.4',
86 silly addNameRange     '0.8.0',
86 silly addNameRange     '0.8.1',
86 silly addNameRange     '1.0.0',
86 silly addNameRange     '1.0.1',
86 silly addNameRange     '1.0.2',
86 silly addNameRange     '1.0.3',
86 silly addNameRange     '1.0.4',
86 silly addNameRange     '2.0.0',
86 silly addNameRange     '2.1.0',
86 silly addNameRange     '2.1.1',
86 silly addNameRange     '2.1.2',
86 silly addNameRange     '2.1.3',
86 silly addNameRange     '2.2.0',
86 silly addNameRange     '2.3.0',
86 silly addNameRange     '2.3.1',
86 silly addNameRange     '2.3.2',
86 silly addNameRange     '2.3.3',
86 silly addNameRange     '2.4.0',
86 silly addNameRange     '2.4.1',
86 silly addNameRange     '2.4.2',
86 silly addNameRange     '2.4.3',
86 silly addNameRange     '2.4.4',
86 silly addNameRange     '2.4.5',
86 silly addNameRange     '2.5.0',
86 silly addNameRange     '2.5.1',
86 silly addNameRange     '2.5.2',
86 silly addNameRange     '2.6.0',
86 silly addNameRange     '2.6.1',
86 silly addNameRange     '2.6.2',
86 silly addNameRange     '2.6.3',
86 silly addNameRange     '2.6.4',
86 silly addNameRange     '2.6.5',
86 silly addNameRange     '2.6.6',
86 silly addNameRange     '2.6.7',
86 silly addNameRange     '2.6.8',
86 silly addNameRange     '1.0.5',
86 silly addNameRange     '3.0.0',
86 silly addNameRange     '3.0.1',
86 silly addNameRange     '2.6.9',
86 silly addNameRange     '3.1.0' ] ]
87 silly addNamed debug@3.1.0
88 verbose addNamed "3.1.0" is a plain semver version for debug
89 silly cache afterAdd debug@3.1.0
90 verbose afterAdd /home/matt/.npm/debug/3.1.0/package/package.json not in flight; writing
91 verbose afterAdd /home/matt/.npm/debug/3.1.0/package/package.json written
92 silly fetchNamedPackageData fsevents
93 silly mapToRegistry name fsevents
94 silly mapToRegistry using default registry
95 silly mapToRegistry registry https://registry.npmjs.org/
96 silly mapToRegistry uri https://registry.npmjs.org/fsevents
97 verbose request uri https://registry.npmjs.org/fsevents
98 verbose request no auth needed
99 info attempt registry request try #1 at 7:58:36 PM
100 verbose etag W/"1f6c1f25b9f645ad374c652ec54b1ad9"
101 verbose lastModified Sun, 27 May 2018 01:18:06 GMT
102 http request GET https://registry.npmjs.org/fsevents
103 http 304 https://registry.npmjs.org/fsevents
104 verbose headers { date: 'Sat, 08 Sep 2018 00:58:38 GMT',
104 verbose headers   connection: 'keep-alive',
104 verbose headers   'set-cookie':
104 verbose headers    [ '__cfduid=d59c68200d8861446b42c05d6ba94563a1536368318; expires=Sun, 08-Sep-19 00:58:38 GMT; path=/; domain=.registry.npmjs.org; HttpOnly' ],
104 verbose headers   'cf-cache-status': 'HIT',
104 verbose headers   'cache-control': 'max-age=300',
104 verbose headers   'cf-ray': '456d77c62d6d9b87-DFW',
104 verbose headers   etag: '"1f6c1f25b9f645ad374c652ec54b1ad9"',
104 verbose headers   'expect-ct': 'max-age=604800, report-uri="https://report-uri.cloudflare.com/cdn-cgi/beacon/expect-ct"',
104 verbose headers   'last-modified': 'Sun, 27 May 2018 01:18:06 GMT',
104 verbose headers   vary: 'accept-encoding, accept',
104 verbose headers   server: 'cloudflare' }
105 silly get cb [ 304,
105 silly get   { date: 'Sat, 08 Sep 2018 00:58:38 GMT',
105 silly get     connection: 'keep-alive',
105 silly get     'set-cookie':
105 silly get      [ '__cfduid=d59c68200d8861446b42c05d6ba94563a1536368318; expires=Sun, 08-Sep-19 00:58:38 GMT; path=/; domain=.registry.npmjs.org; HttpOnly' ],
105 silly get     'cf-cache-status': 'HIT',
105 silly get     'cache-control': 'max-age=300',
105 silly get     'cf-ray': '456d77c62d6d9b87-DFW',
105 silly get     etag: '"1f6c1f25b9f645ad374c652ec54b1ad9"',
105 silly get     'expect-ct': 'max-age=604800, report-uri="https://report-uri.cloudflare.com/cdn-cgi/beacon/expect-ct"',
105 silly get     'last-modified': 'Sun, 27 May 2018 01:18:06 GMT',
105 silly get     vary: 'accept-encoding, accept',
105 silly get     server: 'cloudflare' } ]
106 verbose etag https://registry.npmjs.org/fsevents from cache
107 verbose get saving fsevents to /home/matt/.npm/registry.npmjs.org/fsevents/.cache.json
108 silly resolveWithNewModule fsevents@1.2.4 checking installable status
109 silly loadAllDepsIntoIdealTree Finishing
110 silly idealTree:prePrune browser-snake-server@1.0.0
110 silly idealTree:prePrune ├── abbrev@1.1.1
110 silly idealTree:prePrune ├── accepts@1.3.5
110 silly idealTree:prePrune ├── after@0.8.2
110 silly idealTree:prePrune ├── ansi-align@2.0.0
110 silly idealTree:prePrune ├── ansi-regex@3.0.0
110 silly idealTree:prePrune ├── ansi-styles@3.2.1
110 silly idealTree:prePrune ├── anymatch@2.0.0
110 silly idealTree:prePrune ├── arr-diff@4.0.0
110 silly idealTree:prePrune ├── arr-flatten@1.1.0
110 silly idealTree:prePrune ├── arr-union@3.1.0
110 silly idealTree:prePrune ├── array-flatten@1.1.1
110 silly idealTree:prePrune ├── array-unique@0.3.2
110 silly idealTree:prePrune ├── arraybuffer.slice@0.0.7
110 silly idealTree:prePrune ├── assign-symbols@1.0.0
110 silly idealTree:prePrune ├── async-each@1.0.1
110 silly idealTree:prePrune ├── async-limiter@1.0.0
110 silly idealTree:prePrune ├── atob@2.1.2
110 silly idealTree:prePrune ├── backo2@1.0.2
110 silly idealTree:prePrune ├── balanced-match@1.0.0
110 silly idealTree:prePrune ├─┬ base@0.11.2
110 silly idealTree:prePrune │ ├── define-property@1.0.0
110 silly idealTree:prePrune │ ├── is-accessor-descriptor@1.0.0
110 silly idealTree:prePrune │ ├── is-data-descriptor@1.0.0
110 silly idealTree:prePrune │ └── is-descriptor@1.0.2
110 silly idealTree:prePrune ├── base64-arraybuffer@0.1.5
110 silly idealTree:prePrune ├── base64id@1.0.0
110 silly idealTree:prePrune ├── better-assert@1.0.2
110 silly idealTree:prePrune ├── binary-extensions@1.11.0
110 silly idealTree:prePrune ├── blob@0.0.4
110 silly idealTree:prePrune ├── body-parser@1.18.2
110 silly idealTree:prePrune ├── boxen@1.3.0
110 silly idealTree:prePrune ├── brace-expansion@1.1.11
110 silly idealTree:prePrune ├─┬ braces@2.3.2
110 silly idealTree:prePrune │ └── extend-shallow@2.0.1
110 silly idealTree:prePrune ├── bytes@3.0.0
110 silly idealTree:prePrune ├── cache-base@1.0.1
110 silly idealTree:prePrune ├── callsite@1.0.0
110 silly idealTree:prePrune ├── camelcase@4.1.0
110 silly idealTree:prePrune ├── capture-stack-trace@1.0.1
110 silly idealTree:prePrune ├── chalk@2.4.1
110 silly idealTree:prePrune ├── chokidar@2.0.4
110 silly idealTree:prePrune ├── ci-info@1.4.0
110 silly idealTree:prePrune ├─┬ class-utils@0.3.6
110 silly idealTree:prePrune │ └── define-property@0.2.5
110 silly idealTree:prePrune ├── cli-boxes@1.0.0
110 silly idealTree:prePrune ├── collection-visit@1.0.0
110 silly idealTree:prePrune ├── color-convert@1.9.3
110 silly idealTree:prePrune ├── color-name@1.1.3
110 silly idealTree:prePrune ├── component-bind@1.0.0
110 silly idealTree:prePrune ├── component-emitter@1.2.1
110 silly idealTree:prePrune ├── component-inherit@0.0.3
110 silly idealTree:prePrune ├── concat-map@0.0.1
110 silly idealTree:prePrune ├── configstore@3.1.2
110 silly idealTree:prePrune ├── content-disposition@0.5.2
110 silly idealTree:prePrune ├── content-type@1.0.4
110 silly idealTree:prePrune ├── cookie-signature@1.0.6
110 silly idealTree:prePrune ├── cookie@0.3.1
110 silly idealTree:prePrune ├── copy-descriptor@0.1.1
110 silly idealTree:prePrune ├── core-util-is@1.0.2
110 silly idealTree:prePrune ├── create-error-class@3.0.2
110 silly idealTree:prePrune ├── cross-spawn@5.1.0
110 silly idealTree:prePrune ├── crypto-random-string@1.0.0
110 silly idealTree:prePrune ├── debug@2.6.9
110 silly idealTree:prePrune ├── decode-uri-component@0.2.0
110 silly idealTree:prePrune ├── deep-extend@0.6.0
110 silly idealTree:prePrune ├─┬ define-property@2.0.2
110 silly idealTree:prePrune │ ├── is-accessor-descriptor@1.0.0
110 silly idealTree:prePrune │ ├── is-data-descriptor@1.0.0
110 silly idealTree:prePrune │ └── is-descriptor@1.0.2
110 silly idealTree:prePrune ├── depd@1.1.2
110 silly idealTree:prePrune ├── destroy@1.0.4
110 silly idealTree:prePrune ├── dot-prop@4.2.0
110 silly idealTree:prePrune ├── duplexer@0.1.1
110 silly idealTree:prePrune ├── duplexer3@0.1.4
110 silly idealTree:prePrune ├── ee-first@1.1.1
110 silly idealTree:prePrune ├── encodeurl@1.0.2
110 silly idealTree:prePrune ├─┬ engine.io-client@3.2.1
110 silly idealTree:prePrune │ └── debug@3.1.0
110 silly idealTree:prePrune ├── engine.io-parser@2.1.2
110 silly idealTree:prePrune ├─┬ engine.io@3.2.0
110 silly idealTree:prePrune │ └── debug@3.1.0
110 silly idealTree:prePrune ├── escape-html@1.0.3
110 silly idealTree:prePrune ├── escape-string-regexp@1.0.5
110 silly idealTree:prePrune ├── etag@1.8.1
110 silly idealTree:prePrune ├── event-stream@3.3.5
110 silly idealTree:prePrune ├── execa@0.7.0
110 silly idealTree:prePrune ├─┬ expand-brackets@2.1.4
110 silly idealTree:prePrune │ ├── define-property@0.2.5
110 silly idealTree:prePrune │ └── extend-shallow@2.0.1
110 silly idealTree:prePrune ├── express@4.16.3
110 silly idealTree:prePrune ├─┬ extend-shallow@3.0.2
110 silly idealTree:prePrune │ └── is-extendable@1.0.1
110 silly idealTree:prePrune ├─┬ extglob@2.0.4
110 silly idealTree:prePrune │ ├── define-property@1.0.0
110 silly idealTree:prePrune │ ├── extend-shallow@2.0.1
110 silly idealTree:prePrune │ ├── is-accessor-descriptor@1.0.0
110 silly idealTree:prePrune │ ├── is-data-descriptor@1.0.0
110 silly idealTree:prePrune │ └── is-descriptor@1.0.2
110 silly idealTree:prePrune ├─┬ fill-range@4.0.0
110 silly idealTree:prePrune │ └── extend-shallow@2.0.1
110 silly idealTree:prePrune ├── finalhandler@1.1.1
110 silly idealTree:prePrune ├── for-in@1.0.2
110 silly idealTree:prePrune ├── forwarded@0.1.2
110 silly idealTree:prePrune ├── fragment-cache@0.2.1
110 silly idealTree:prePrune ├── fresh@0.5.2
110 silly idealTree:prePrune ├── from@0.1.7
110 silly idealTree:prePrune ├── g@2.0.1
110 silly idealTree:prePrune ├── get-stream@3.0.0
110 silly idealTree:prePrune ├── get-value@2.0.6
110 silly idealTree:prePrune ├─┬ glob-parent@3.1.0
110 silly idealTree:prePrune │ └── is-glob@3.1.0
110 silly idealTree:prePrune ├── global-dirs@0.1.1
110 silly idealTree:prePrune ├── got@6.7.1
110 silly idealTree:prePrune ├── graceful-fs@4.1.11
110 silly idealTree:prePrune ├── has-binary2@1.0.3
110 silly idealTree:prePrune ├── has-cors@1.1.0
110 silly idealTree:prePrune ├── has-flag@3.0.0
110 silly idealTree:prePrune ├── has-value@1.0.0
110 silly idealTree:prePrune ├─┬ has-values@1.0.0
110 silly idealTree:prePrune │ └── kind-of@4.0.0
110 silly idealTree:prePrune ├── http-errors@1.6.3
110 silly idealTree:prePrune ├── iconv-lite@0.4.19
110 silly idealTree:prePrune ├── ignore-by-default@1.0.1
110 silly idealTree:prePrune ├── import-lazy@2.1.0
110 silly idealTree:prePrune ├── imurmurhash@0.1.4
110 silly idealTree:prePrune ├── indexof@0.0.1
110 silly idealTree:prePrune ├── inherits@2.0.3
110 silly idealTree:prePrune ├── ini@1.3.5
110 silly idealTree:prePrune ├── ipaddr.js@1.8.0
110 silly idealTree:prePrune ├─┬ is-accessor-descriptor@0.1.6
110 silly idealTree:prePrune │ └── kind-of@3.2.2
110 silly idealTree:prePrune ├── is-binary-path@1.0.1
110 silly idealTree:prePrune ├── is-buffer@1.1.6
110 silly idealTree:prePrune ├── is-ci@1.2.0
110 silly idealTree:prePrune ├─┬ is-data-descriptor@0.1.4
110 silly idealTree:prePrune │ └── kind-of@3.2.2
110 silly idealTree:prePrune ├─┬ is-descriptor@0.1.6
110 silly idealTree:prePrune │ └── kind-of@5.1.0
110 silly idealTree:prePrune ├── is-extendable@0.1.1
110 silly idealTree:prePrune ├── is-extglob@2.1.1
110 silly idealTree:prePrune ├── is-fullwidth-code-point@2.0.0
110 silly idealTree:prePrune ├── is-glob@4.0.0
110 silly idealTree:prePrune ├── is-installed-globally@0.1.0
110 silly idealTree:prePrune ├── is-npm@1.0.0
110 silly idealTree:prePrune ├─┬ is-number@3.0.0
110 silly idealTree:prePrune │ └── kind-of@3.2.2
110 silly idealTree:prePrune ├── is-obj@1.0.1
110 silly idealTree:prePrune ├── is-path-inside@1.0.1
110 silly idealTree:prePrune ├── is-plain-object@2.0.4
110 silly idealTree:prePrune ├── is-redirect@1.0.0
110 silly idealTree:prePrune ├── is-retry-allowed@1.1.0
110 silly idealTree:prePrune ├── is-stream@1.1.0
110 silly idealTree:prePrune ├── is-windows@1.0.2
110 silly idealTree:prePrune ├── isarray@2.0.1
110 silly idealTree:prePrune ├── isexe@2.0.0
110 silly idealTree:prePrune ├── isobject@3.0.1
110 silly idealTree:prePrune ├── kind-of@6.0.2
110 silly idealTree:prePrune ├── latest-version@3.1.0
110 silly idealTree:prePrune ├── lodash.debounce@4.0.8
110 silly idealTree:prePrune ├── lowercase-keys@1.0.1
110 silly idealTree:prePrune ├── lru-cache@4.1.3
110 silly idealTree:prePrune ├── make-dir@1.3.0
110 silly idealTree:prePrune ├── map-cache@0.2.2
110 silly idealTree:prePrune ├── map-stream@0.0.7
110 silly idealTree:prePrune ├── map-visit@1.0.0
110 silly idealTree:prePrune ├── media-typer@0.3.0
110 silly idealTree:prePrune ├── merge-descriptors@1.0.1
110 silly idealTree:prePrune ├── methods@1.1.2
110 silly idealTree:prePrune ├── micromatch@3.1.10
110 silly idealTree:prePrune ├── mime-db@1.36.0
110 silly idealTree:prePrune ├── mime-types@2.1.20
110 silly idealTree:prePrune ├── mime@1.4.1
110 silly idealTree:prePrune ├── minimatch@3.0.4
110 silly idealTree:prePrune ├── minimist@1.2.0
110 silly idealTree:prePrune ├─┬ mixin-deep@1.3.1
110 silly idealTree:prePrune │ └── is-extendable@1.0.1
110 silly idealTree:prePrune ├── ms@2.0.0
110 silly idealTree:prePrune ├── nanomatch@1.2.13
110 silly idealTree:prePrune ├── negotiator@0.6.1
110 silly idealTree:prePrune ├─┬ nodemon@1.18.4
110 silly idealTree:prePrune │ └── debug@3.1.0
110 silly idealTree:prePrune ├── nopt@1.0.10
110 silly idealTree:prePrune ├── normalize-path@2.1.1
110 silly idealTree:prePrune ├── npm-run-path@2.0.2
110 silly idealTree:prePrune ├── object-component@0.0.3
110 silly idealTree:prePrune ├─┬ object-copy@0.1.0
110 silly idealTree:prePrune │ ├── define-property@0.2.5
110 silly idealTree:prePrune │ └── kind-of@3.2.2
110 silly idealTree:prePrune ├── object-visit@1.0.1
110 silly idealTree:prePrune ├── object.pick@1.3.0
110 silly idealTree:prePrune ├── on-finished@2.3.0
110 silly idealTree:prePrune ├── p-finally@1.0.0
110 silly idealTree:prePrune ├── package-json@4.0.1
110 silly idealTree:prePrune ├── parseqs@0.0.5
110 silly idealTree:prePrune ├── parseuri@0.0.5
110 silly idealTree:prePrune ├── parseurl@1.3.2
110 silly idealTree:prePrune ├── pascalcase@0.1.1
110 silly idealTree:prePrune ├── path-dirname@1.0.2
110 silly idealTree:prePrune ├── path-is-absolute@1.0.1
110 silly idealTree:prePrune ├── path-is-inside@1.0.2
110 silly idealTree:prePrune ├── path-key@2.0.1
110 silly idealTree:prePrune ├── path-to-regexp@0.1.7
110 silly idealTree:prePrune ├── pause-stream@0.0.11
110 silly idealTree:prePrune ├── pify@3.0.0
110 silly idealTree:prePrune ├── posix-character-classes@0.1.1
110 silly idealTree:prePrune ├── prepend-http@1.0.4
110 silly idealTree:prePrune ├── process-nextick-args@2.0.0
110 silly idealTree:prePrune ├── proxy-addr@2.0.4
110 silly idealTree:prePrune ├── ps-tree@1.1.0
110 silly idealTree:prePrune ├── pseudomap@1.0.2
110 silly idealTree:prePrune ├── pstree.remy@1.1.0
110 silly idealTree:prePrune ├── qs@6.5.1
110 silly idealTree:prePrune ├── range-parser@1.2.0
110 silly idealTree:prePrune ├─┬ raw-body@2.3.2
110 silly idealTree:prePrune │ ├── depd@1.1.1
110 silly idealTree:prePrune │ ├── http-errors@1.6.2
110 silly idealTree:prePrune │ └── setprototypeof@1.0.3
110 silly idealTree:prePrune ├── rc@1.2.8
110 silly idealTree:prePrune ├─┬ readable-stream@2.3.6
110 silly idealTree:prePrune │ └── isarray@1.0.0
110 silly idealTree:prePrune ├── readdirp@2.1.0
110 silly idealTree:prePrune ├── regex-not@1.0.2
110 silly idealTree:prePrune ├── registry-auth-token@3.3.2
110 silly idealTree:prePrune ├── registry-url@3.1.0
110 silly idealTree:prePrune ├── remove-trailing-separator@1.1.0
110 silly idealTree:prePrune ├── repeat-element@1.1.3
110 silly idealTree:prePrune ├── repeat-string@1.6.1
110 silly idealTree:prePrune ├── resolve-url@0.2.1
110 silly idealTree:prePrune ├── ret@0.1.15
110 silly idealTree:prePrune ├── safe-buffer@5.1.1
110 silly idealTree:prePrune ├── safe-regex@1.1.0
110 silly idealTree:prePrune ├── semver-diff@2.1.0
110 silly idealTree:prePrune ├── semver@5.5.1
110 silly idealTree:prePrune ├── send@0.16.2
110 silly idealTree:prePrune ├── serve-static@1.13.2
110 silly idealTree:prePrune ├── set-immediate-shim@1.0.1
110 silly idealTree:prePrune ├─┬ set-value@2.0.0
110 silly idealTree:prePrune │ └── extend-shallow@2.0.1
110 silly idealTree:prePrune ├── setprototypeof@1.1.0
110 silly idealTree:prePrune ├── shebang-command@1.2.0
110 silly idealTree:prePrune ├── shebang-regex@1.0.0
110 silly idealTree:prePrune ├── signal-exit@3.0.2
110 silly idealTree:prePrune ├─┬ snapdragon-node@2.1.1
110 silly idealTree:prePrune │ ├── define-property@1.0.0
110 silly idealTree:prePrune │ ├── is-accessor-descriptor@1.0.0
110 silly idealTree:prePrune │ ├── is-data-descriptor@1.0.0
110 silly idealTree:prePrune │ └── is-descriptor@1.0.2
110 silly idealTree:prePrune ├─┬ snapdragon-util@3.0.1
110 silly idealTree:prePrune │ └── kind-of@3.2.2
110 silly idealTree:prePrune ├─┬ snapdragon@0.8.2
110 silly idealTree:prePrune │ ├── define-property@0.2.5
110 silly idealTree:prePrune │ └── extend-shallow@2.0.1
110 silly idealTree:prePrune ├── socket.io-adapter@1.1.1
110 silly idealTree:prePrune ├─┬ socket.io-client@2.1.1
110 silly idealTree:prePrune │ └── debug@3.1.0
110 silly idealTree:prePrune ├─┬ socket.io-parser@3.2.0
110 silly idealTree:prePrune │ └── debug@3.1.0
110 silly idealTree:prePrune ├─┬ socket.io@2.1.1
110 silly idealTree:prePrune │ └── debug@3.1.0
110 silly idealTree:prePrune ├── source-map-resolve@0.5.2
110 silly idealTree:prePrune ├── source-map-url@0.4.0
110 silly idealTree:prePrune ├── source-map@0.5.7
110 silly idealTree:prePrune ├── split-string@3.1.0
110 silly idealTree:prePrune ├── split@1.0.1
110 silly idealTree:prePrune ├─┬ static-extend@0.1.2
110 silly idealTree:prePrune │ └── define-property@0.2.5
110 silly idealTree:prePrune ├── statuses@1.4.0
110 silly idealTree:prePrune ├── stream-combiner@0.2.2
110 silly idealTree:prePrune ├── string_decoder@1.1.1
110 silly idealTree:prePrune ├── string-width@2.1.1
110 silly idealTree:prePrune ├── strip-ansi@4.0.0
110 silly idealTree:prePrune ├── strip-eof@1.0.0
110 silly idealTree:prePrune ├── strip-json-comments@2.0.1
110 silly idealTree:prePrune ├── supports-color@5.5.0
110 silly idealTree:prePrune ├── term-size@1.2.0
110 silly idealTree:prePrune ├── through@2.3.8
110 silly idealTree:prePrune ├── timed-out@4.0.1
110 silly idealTree:prePrune ├── to-array@0.1.4
110 silly idealTree:prePrune ├─┬ to-object-path@0.3.0
110 silly idealTree:prePrune │ └── kind-of@3.2.2
110 silly idealTree:prePrune ├── to-regex-range@2.1.1
110 silly idealTree:prePrune ├── to-regex@3.0.2
110 silly idealTree:prePrune ├── touch@3.1.0
110 silly idealTree:prePrune ├── type-is@1.6.16
110 silly idealTree:prePrune ├── ultron@1.1.1
110 silly idealTree:prePrune ├── undefsafe@2.0.2
110 silly idealTree:prePrune ├─┬ union-value@1.0.0
110 silly idealTree:prePrune │ ├── extend-shallow@2.0.1
110 silly idealTree:prePrune │ └── set-value@0.4.3
110 silly idealTree:prePrune ├── unique-string@1.0.0
110 silly idealTree:prePrune ├── unpipe@1.0.0
110 silly idealTree:prePrune ├─┬ unset-value@1.0.0
110 silly idealTree:prePrune │ ├─┬ has-value@0.3.1
110 silly idealTree:prePrune │ │ └── isobject@2.1.0
110 silly idealTree:prePrune │ ├── has-values@0.1.4
110 silly idealTree:prePrune │ └── isarray@1.0.0
110 silly idealTree:prePrune ├── unzip-response@2.0.1
110 silly idealTree:prePrune ├── upath@1.1.0
110 silly idealTree:prePrune ├── update-notifier@2.5.0
110 silly idealTree:prePrune ├── urix@0.1.0
110 silly idealTree:prePrune ├── url-parse-lax@1.0.0
110 silly idealTree:prePrune ├── use@3.1.1
110 silly idealTree:prePrune ├── util-deprecate@1.0.2
110 silly idealTree:prePrune ├── utils-merge@1.0.1
110 silly idealTree:prePrune ├── vary@1.1.2
110 silly idealTree:prePrune ├── which@1.3.1
110 silly idealTree:prePrune ├── widest-line@2.0.0
110 silly idealTree:prePrune ├── write-file-atomic@2.3.0
110 silly idealTree:prePrune ├── ws@3.3.3
110 silly idealTree:prePrune ├── xdg-basedir@3.0.0
110 silly idealTree:prePrune ├── xmlhttprequest-ssl@1.5.5
110 silly idealTree:prePrune ├── yallist@2.1.2
110 silly idealTree:prePrune └── yeast@0.1.2
111 silly loadIdealTree Finishing
112 silly currentTree browser-snake-server@1.0.0
112 silly currentTree ├── abbrev@1.1.1
112 silly currentTree ├── accepts@1.3.5
112 silly currentTree ├── after@0.8.2
112 silly currentTree ├── ansi-align@2.0.0
112 silly currentTree ├── ansi-regex@3.0.0
112 silly currentTree ├── ansi-styles@3.2.1
112 silly currentTree ├── anymatch@2.0.0
112 silly currentTree ├── arr-diff@4.0.0
112 silly currentTree ├── arr-flatten@1.1.0
112 silly currentTree ├── arr-union@3.1.0
112 silly currentTree ├── array-flatten@1.1.1
112 silly currentTree ├── array-unique@0.3.2
112 silly currentTree ├── arraybuffer.slice@0.0.7
112 silly currentTree ├── assign-symbols@1.0.0
112 silly currentTree ├── async-each@1.0.1
112 silly currentTree ├── async-limiter@1.0.0
112 silly currentTree ├── atob@2.1.2
112 silly currentTree ├── backo2@1.0.2
112 silly currentTree ├── balanced-match@1.0.0
112 silly currentTree ├─┬ base@0.11.2
112 silly currentTree │ ├── define-property@1.0.0
112 silly currentTree │ ├── is-accessor-descriptor@1.0.0
112 silly currentTree │ ├── is-data-descriptor@1.0.0
112 silly currentTree │ └── is-descriptor@1.0.2
112 silly currentTree ├── base64-arraybuffer@0.1.5
112 silly currentTree ├── base64id@1.0.0
112 silly currentTree ├── better-assert@1.0.2
112 silly currentTree ├── binary-extensions@1.11.0
112 silly currentTree ├── blob@0.0.4
112 silly currentTree ├── body-parser@1.18.2
112 silly currentTree ├── boxen@1.3.0
112 silly currentTree ├── brace-expansion@1.1.11
112 silly currentTree ├─┬ braces@2.3.2
112 silly currentTree │ └── extend-shallow@2.0.1
112 silly currentTree ├── bytes@3.0.0
112 silly currentTree ├── cache-base@1.0.1
112 silly currentTree ├── callsite@1.0.0
112 silly currentTree ├── camelcase@4.1.0
112 silly currentTree ├── capture-stack-trace@1.0.1
112 silly currentTree ├── chalk@2.4.1
112 silly currentTree ├── chokidar@2.0.4
112 silly currentTree ├── ci-info@1.4.0
112 silly currentTree ├─┬ class-utils@0.3.6
112 silly currentTree │ └── define-property@0.2.5
112 silly currentTree ├── cli-boxes@1.0.0
112 silly currentTree ├── collection-visit@1.0.0
112 silly currentTree ├── color-convert@1.9.3
112 silly currentTree ├── color-name@1.1.3
112 silly currentTree ├── component-bind@1.0.0
112 silly currentTree ├── component-emitter@1.2.1
112 silly currentTree ├── component-inherit@0.0.3
112 silly currentTree ├── concat-map@0.0.1
112 silly currentTree ├── configstore@3.1.2
112 silly currentTree ├── content-disposition@0.5.2
112 silly currentTree ├── content-type@1.0.4
112 silly currentTree ├── cookie-signature@1.0.6
112 silly currentTree ├── cookie@0.3.1
112 silly currentTree ├── copy-descriptor@0.1.1
112 silly currentTree ├── core-util-is@1.0.2
112 silly currentTree ├── create-error-class@3.0.2
112 silly currentTree ├── cross-spawn@5.1.0
112 silly currentTree ├── crypto-random-string@1.0.0
112 silly currentTree ├── debug@2.6.9
112 silly currentTree ├── decode-uri-component@0.2.0
112 silly currentTree ├── deep-extend@0.6.0
112 silly currentTree ├─┬ define-property@2.0.2
112 silly currentTree │ ├── is-accessor-descriptor@1.0.0
112 silly currentTree │ ├── is-data-descriptor@1.0.0
112 silly currentTree │ └── is-descriptor@1.0.2
112 silly currentTree ├── depd@1.1.2
112 silly currentTree ├── destroy@1.0.4
112 silly currentTree ├── dot-prop@4.2.0
112 silly currentTree ├── duplexer@0.1.1
112 silly currentTree ├── duplexer3@0.1.4
112 silly currentTree ├── ee-first@1.1.1
112 silly currentTree ├── encodeurl@1.0.2
112 silly currentTree ├─┬ engine.io-client@3.2.1
112 silly currentTree │ └── debug@3.1.0
112 silly currentTree ├── engine.io-parser@2.1.2
112 silly currentTree ├─┬ engine.io@3.2.0
112 silly currentTree │ └── debug@3.1.0
112 silly currentTree ├── escape-html@1.0.3
112 silly currentTree ├── escape-string-regexp@1.0.5
112 silly currentTree ├── etag@1.8.1
112 silly currentTree ├── event-stream@3.3.5
112 silly currentTree ├── execa@0.7.0
112 silly currentTree ├─┬ expand-brackets@2.1.4
112 silly currentTree │ ├── define-property@0.2.5
112 silly currentTree │ └── extend-shallow@2.0.1
112 silly currentTree ├── express@4.16.3
112 silly currentTree ├─┬ extend-shallow@3.0.2
112 silly currentTree │ └── is-extendable@1.0.1
112 silly currentTree ├─┬ extglob@2.0.4
112 silly currentTree │ ├── define-property@1.0.0
112 silly currentTree │ ├── extend-shallow@2.0.1
112 silly currentTree │ ├── is-accessor-descriptor@1.0.0
112 silly currentTree │ ├── is-data-descriptor@1.0.0
112 silly currentTree │ └── is-descriptor@1.0.2
112 silly currentTree ├─┬ fill-range@4.0.0
112 silly currentTree │ └── extend-shallow@2.0.1
112 silly currentTree ├── finalhandler@1.1.1
112 silly currentTree ├── for-in@1.0.2
112 silly currentTree ├── forwarded@0.1.2
112 silly currentTree ├── fragment-cache@0.2.1
112 silly currentTree ├── fresh@0.5.2
112 silly currentTree ├── from@0.1.7
112 silly currentTree ├── g@2.0.1
112 silly currentTree ├── get-stream@3.0.0
112 silly currentTree ├── get-value@2.0.6
112 silly currentTree ├─┬ glob-parent@3.1.0
112 silly currentTree │ └── is-glob@3.1.0
112 silly currentTree ├── global-dirs@0.1.1
112 silly currentTree ├── got@6.7.1
112 silly currentTree ├── graceful-fs@4.1.11
112 silly currentTree ├── has-binary2@1.0.3
112 silly currentTree ├── has-cors@1.1.0
112 silly currentTree ├── has-flag@3.0.0
112 silly currentTree ├── has-value@1.0.0
112 silly currentTree ├─┬ has-values@1.0.0
112 silly currentTree │ └── kind-of@4.0.0
112 silly currentTree ├── http-errors@1.6.3
112 silly currentTree ├── iconv-lite@0.4.19
112 silly currentTree ├── ignore-by-default@1.0.1
112 silly currentTree ├── import-lazy@2.1.0
112 silly currentTree ├── imurmurhash@0.1.4
112 silly currentTree ├── indexof@0.0.1
112 silly currentTree ├── inherits@2.0.3
112 silly currentTree ├── ini@1.3.5
112 silly currentTree ├── ipaddr.js@1.8.0
112 silly currentTree ├─┬ is-accessor-descriptor@0.1.6
112 silly currentTree │ └── kind-of@3.2.2
112 silly currentTree ├── is-binary-path@1.0.1
112 silly currentTree ├── is-buffer@1.1.6
112 silly currentTree ├── is-ci@1.2.0
112 silly currentTree ├─┬ is-data-descriptor@0.1.4
112 silly currentTree │ └── kind-of@3.2.2
112 silly currentTree ├─┬ is-descriptor@0.1.6
112 silly currentTree │ └── kind-of@5.1.0
112 silly currentTree ├── is-extendable@0.1.1
112 silly currentTree ├── is-extglob@2.1.1
112 silly currentTree ├── is-fullwidth-code-point@2.0.0
112 silly currentTree ├── is-glob@4.0.0
112 silly currentTree ├── is-installed-globally@0.1.0
112 silly currentTree ├── is-npm@1.0.0
112 silly currentTree ├─┬ is-number@3.0.0
112 silly currentTree │ └── kind-of@3.2.2
112 silly currentTree ├── is-obj@1.0.1
112 silly currentTree ├── is-path-inside@1.0.1
112 silly currentTree ├── is-plain-object@2.0.4
112 silly currentTree ├── is-redirect@1.0.0
112 silly currentTree ├── is-retry-allowed@1.1.0
112 silly currentTree ├── is-stream@1.1.0
112 silly currentTree ├── is-windows@1.0.2
112 silly currentTree ├── isarray@2.0.1
112 silly currentTree ├── isexe@2.0.0
112 silly currentTree ├── isobject@3.0.1
112 silly currentTree ├── kind-of@6.0.2
112 silly currentTree ├── latest-version@3.1.0
112 silly currentTree ├── lodash.debounce@4.0.8
112 silly currentTree ├── lowercase-keys@1.0.1
112 silly currentTree ├── lru-cache@4.1.3
112 silly currentTree ├── make-dir@1.3.0
112 silly currentTree ├── map-cache@0.2.2
112 silly currentTree ├── map-stream@0.0.7
112 silly currentTree ├── map-visit@1.0.0
112 silly currentTree ├── media-typer@0.3.0
112 silly currentTree ├── merge-descriptors@1.0.1
112 silly currentTree ├── methods@1.1.2
112 silly currentTree ├── micromatch@3.1.10
112 silly currentTree ├── mime-db@1.36.0
112 silly currentTree ├── mime-types@2.1.20
112 silly currentTree ├── mime@1.4.1
112 silly currentTree ├── minimatch@3.0.4
112 silly currentTree ├── minimist@1.2.0
112 silly currentTree ├─┬ mixin-deep@1.3.1
112 silly currentTree │ └── is-extendable@1.0.1
112 silly currentTree ├── ms@2.0.0
112 silly currentTree ├── nanomatch@1.2.13
112 silly currentTree ├── negotiator@0.6.1
112 silly currentTree ├── nopt@1.0.10
112 silly currentTree ├── normalize-path@2.1.1
112 silly currentTree ├── npm-run-path@2.0.2
112 silly currentTree ├── object-component@0.0.3
112 silly currentTree ├─┬ object-copy@0.1.0
112 silly currentTree │ ├── define-property@0.2.5
112 silly currentTree │ └── kind-of@3.2.2
112 silly currentTree ├── object-visit@1.0.1
112 silly currentTree ├── object.pick@1.3.0
112 silly currentTree ├── on-finished@2.3.0
112 silly currentTree ├── p-finally@1.0.0
112 silly currentTree ├── package-json@4.0.1
112 silly currentTree ├── parseqs@0.0.5
112 silly currentTree ├── parseuri@0.0.5
112 silly currentTree ├── parseurl@1.3.2
112 silly currentTree ├── pascalcase@0.1.1
112 silly currentTree ├── path-dirname@1.0.2
112 silly currentTree ├── path-is-absolute@1.0.1
112 silly currentTree ├── path-is-inside@1.0.2
112 silly currentTree ├── path-key@2.0.1
112 silly currentTree ├── path-to-regexp@0.1.7
112 silly currentTree ├── pause-stream@0.0.11
112 silly currentTree ├── pify@3.0.0
112 silly currentTree ├── posix-character-classes@0.1.1
112 silly currentTree ├── prepend-http@1.0.4
112 silly currentTree ├── process-nextick-args@2.0.0
112 silly currentTree ├── proxy-addr@2.0.4
112 silly currentTree ├── ps-tree@1.1.0
112 silly currentTree ├── pseudomap@1.0.2
112 silly currentTree ├── pstree.remy@1.1.0
112 silly currentTree ├── qs@6.5.1
112 silly currentTree ├── range-parser@1.2.0
112 silly currentTree ├─┬ raw-body@2.3.2
112 silly currentTree │ ├── depd@1.1.1
112 silly currentTree │ ├── http-errors@1.6.2
112 silly currentTree │ └── setprototypeof@1.0.3
112 silly currentTree ├── rc@1.2.8
112 silly currentTree ├─┬ readable-stream@2.3.6
112 silly currentTree │ └── isarray@1.0.0
112 silly currentTree ├── readdirp@2.1.0
112 silly currentTree ├── regex-not@1.0.2
112 silly currentTree ├── registry-auth-token@3.3.2
112 silly currentTree ├── registry-url@3.1.0
112 silly currentTree ├── remove-trailing-separator@1.1.0
112 silly currentTree ├── repeat-element@1.1.3
112 silly currentTree ├── repeat-string@1.6.1
112 silly currentTree ├── resolve-url@0.2.1
112 silly currentTree ├── ret@0.1.15
112 silly currentTree ├── safe-buffer@5.1.1
112 silly currentTree ├── safe-regex@1.1.0
112 silly currentTree ├── semver-diff@2.1.0
112 silly currentTree ├── semver@5.5.1
112 silly currentTree ├── send@0.16.2
112 silly currentTree ├── serve-static@1.13.2
112 silly currentTree ├── set-immediate-shim@1.0.1
112 silly currentTree ├─┬ set-value@2.0.0
112 silly currentTree │ └── extend-shallow@2.0.1
112 silly currentTree ├── setprototypeof@1.1.0
112 silly currentTree ├── shebang-command@1.2.0
112 silly currentTree ├── shebang-regex@1.0.0
112 silly currentTree ├── signal-exit@3.0.2
112 silly currentTree ├─┬ snapdragon-node@2.1.1
112 silly currentTree │ ├── define-property@1.0.0
112 silly currentTree │ ├── is-accessor-descriptor@1.0.0
112 silly currentTree │ ├── is-data-descriptor@1.0.0
112 silly currentTree │ └── is-descriptor@1.0.2
112 silly currentTree ├─┬ snapdragon-util@3.0.1
112 silly currentTree │ └── kind-of@3.2.2
112 silly currentTree ├─┬ snapdragon@0.8.2
112 silly currentTree │ ├── define-property@0.2.5
112 silly currentTree │ └── extend-shallow@2.0.1
112 silly currentTree ├── socket.io-adapter@1.1.1
112 silly currentTree ├─┬ socket.io-client@2.1.1
112 silly currentTree │ └── debug@3.1.0
112 silly currentTree ├─┬ socket.io-parser@3.2.0
112 silly currentTree │ └── debug@3.1.0
112 silly currentTree ├─┬ socket.io@2.1.1
112 silly currentTree │ └── debug@3.1.0
112 silly currentTree ├── source-map-resolve@0.5.2
112 silly currentTree ├── source-map-url@0.4.0
112 silly currentTree ├── source-map@0.5.7
112 silly currentTree ├── split-string@3.1.0
112 silly currentTree ├── split@1.0.1
112 silly currentTree ├─┬ static-extend@0.1.2
112 silly currentTree │ └── define-property@0.2.5
112 silly currentTree ├── statuses@1.4.0
112 silly currentTree ├── stream-combiner@0.2.2
112 silly currentTree ├── string_decoder@1.1.1
112 silly currentTree ├── string-width@2.1.1
112 silly currentTree ├── strip-ansi@4.0.0
112 silly currentTree ├── strip-eof@1.0.0
112 silly currentTree ├── strip-json-comments@2.0.1
112 silly currentTree ├── supports-color@5.5.0
112 silly currentTree ├── term-size@1.2.0
112 silly currentTree ├── through@2.3.8
112 silly currentTree ├── timed-out@4.0.1
112 silly currentTree ├── to-array@0.1.4
112 silly currentTree ├─┬ to-object-path@0.3.0
112 silly currentTree │ └── kind-of@3.2.2
112 silly currentTree ├── to-regex-range@2.1.1
112 silly currentTree ├── to-regex@3.0.2
112 silly currentTree ├── touch@3.1.0
112 silly currentTree ├── type-is@1.6.16
112 silly currentTree ├── ultron@1.1.1
112 silly currentTree ├── undefsafe@2.0.2
112 silly currentTree ├─┬ union-value@1.0.0
112 silly currentTree │ ├── extend-shallow@2.0.1
112 silly currentTree │ └── set-value@0.4.3
112 silly currentTree ├── unique-string@1.0.0
112 silly currentTree ├── unpipe@1.0.0
112 silly currentTree ├─┬ unset-value@1.0.0
112 silly currentTree │ ├─┬ has-value@0.3.1
112 silly currentTree │ │ └── isobject@2.1.0
112 silly currentTree │ ├── has-values@0.1.4
112 silly currentTree │ └── isarray@1.0.0
112 silly currentTree ├── unzip-response@2.0.1
112 silly currentTree ├── upath@1.1.0
112 silly currentTree ├── update-notifier@2.5.0
112 silly currentTree ├── urix@0.1.0
112 silly currentTree ├── url-parse-lax@1.0.0
112 silly currentTree ├── use@3.1.1
112 silly currentTree ├── util-deprecate@1.0.2
112 silly currentTree ├── utils-merge@1.0.1
112 silly currentTree ├── vary@1.1.2
112 silly currentTree ├── which@1.3.1
112 silly currentTree ├── widest-line@2.0.0
112 silly currentTree ├── write-file-atomic@2.3.0
112 silly currentTree ├── ws@3.3.3
112 silly currentTree ├── xdg-basedir@3.0.0
112 silly currentTree ├── xmlhttprequest-ssl@1.5.5
112 silly currentTree ├── yallist@2.1.2
112 silly currentTree └── yeast@0.1.2
113 silly idealTree browser-snake-server@1.0.0
113 silly idealTree ├── abbrev@1.1.1
113 silly idealTree ├── accepts@1.3.5
113 silly idealTree ├── after@0.8.2
113 silly idealTree ├── ansi-align@2.0.0
113 silly idealTree ├── ansi-regex@3.0.0
113 silly idealTree ├── ansi-styles@3.2.1
113 silly idealTree ├── anymatch@2.0.0
113 silly idealTree ├── arr-diff@4.0.0
113 silly idealTree ├── arr-flatten@1.1.0
113 silly idealTree ├── arr-union@3.1.0
113 silly idealTree ├── array-flatten@1.1.1
113 silly idealTree ├── array-unique@0.3.2
113 silly idealTree ├── arraybuffer.slice@0.0.7
113 silly idealTree ├── assign-symbols@1.0.0
113 silly idealTree ├── async-each@1.0.1
113 silly idealTree ├── async-limiter@1.0.0
113 silly idealTree ├── atob@2.1.2
113 silly idealTree ├── backo2@1.0.2
113 silly idealTree ├── balanced-match@1.0.0
113 silly idealTree ├─┬ base@0.11.2
113 silly idealTree │ ├── define-property@1.0.0
113 silly idealTree │ ├── is-accessor-descriptor@1.0.0
113 silly idealTree │ ├── is-data-descriptor@1.0.0
113 silly idealTree │ └── is-descriptor@1.0.2
113 silly idealTree ├── base64-arraybuffer@0.1.5
113 silly idealTree ├── base64id@1.0.0
113 silly idealTree ├── better-assert@1.0.2
113 silly idealTree ├── binary-extensions@1.11.0
113 silly idealTree ├── blob@0.0.4
113 silly idealTree ├── body-parser@1.18.2
113 silly idealTree ├── boxen@1.3.0
113 silly idealTree ├── brace-expansion@1.1.11
113 silly idealTree ├─┬ braces@2.3.2
113 silly idealTree │ └── extend-shallow@2.0.1
113 silly idealTree ├── bytes@3.0.0
113 silly idealTree ├── cache-base@1.0.1
113 silly idealTree ├── callsite@1.0.0
113 silly idealTree ├── camelcase@4.1.0
113 silly idealTree ├── capture-stack-trace@1.0.1
113 silly idealTree ├── chalk@2.4.1
113 silly idealTree ├── chokidar@2.0.4
113 silly idealTree ├── ci-info@1.4.0
113 silly idealTree ├─┬ class-utils@0.3.6
113 silly idealTree │ └── define-property@0.2.5
113 silly idealTree ├── cli-boxes@1.0.0
113 silly idealTree ├── collection-visit@1.0.0
113 silly idealTree ├── color-convert@1.9.3
113 silly idealTree ├── color-name@1.1.3
113 silly idealTree ├── component-bind@1.0.0
113 silly idealTree ├── component-emitter@1.2.1
113 silly idealTree ├── component-inherit@0.0.3
113 silly idealTree ├── concat-map@0.0.1
113 silly idealTree ├── configstore@3.1.2
113 silly idealTree ├── content-disposition@0.5.2
113 silly idealTree ├── content-type@1.0.4
113 silly idealTree ├── cookie-signature@1.0.6
113 silly idealTree ├── cookie@0.3.1
113 silly idealTree ├── copy-descriptor@0.1.1
113 silly idealTree ├── core-util-is@1.0.2
113 silly idealTree ├── create-error-class@3.0.2
113 silly idealTree ├── cross-spawn@5.1.0
113 silly idealTree ├── crypto-random-string@1.0.0
113 silly idealTree ├── debug@2.6.9
113 silly idealTree ├── decode-uri-component@0.2.0
113 silly idealTree ├── deep-extend@0.6.0
113 silly idealTree ├─┬ define-property@2.0.2
113 silly idealTree │ ├── is-accessor-descriptor@1.0.0
113 silly idealTree │ ├── is-data-descriptor@1.0.0
113 silly idealTree │ └── is-descriptor@1.0.2
113 silly idealTree ├── depd@1.1.2
113 silly idealTree ├── destroy@1.0.4
113 silly idealTree ├── dot-prop@4.2.0
113 silly idealTree ├── duplexer@0.1.1
113 silly idealTree ├── duplexer3@0.1.4
113 silly idealTree ├── ee-first@1.1.1
113 silly idealTree ├── encodeurl@1.0.2
113 silly idealTree ├─┬ engine.io-client@3.2.1
113 silly idealTree │ └── debug@3.1.0
113 silly idealTree ├── engine.io-parser@2.1.2
113 silly idealTree ├─┬ engine.io@3.2.0
113 silly idealTree │ └── debug@3.1.0
113 silly idealTree ├── escape-html@1.0.3
113 silly idealTree ├── escape-string-regexp@1.0.5
113 silly idealTree ├── etag@1.8.1
113 silly idealTree ├── event-stream@3.3.5
113 silly idealTree ├── execa@0.7.0
113 silly idealTree ├─┬ expand-brackets@2.1.4
113 silly idealTree │ ├── define-property@0.2.5
113 silly idealTree │ └── extend-shallow@2.0.1
113 silly idealTree ├── express@4.16.3
113 silly idealTree ├─┬ extend-shallow@3.0.2
113 silly idealTree │ └── is-extendable@1.0.1
113 silly idealTree ├─┬ extglob@2.0.4
113 silly idealTree │ ├── define-property@1.0.0
113 silly idealTree │ ├── extend-shallow@2.0.1
113 silly idealTree │ ├── is-accessor-descriptor@1.0.0
113 silly idealTree │ ├── is-data-descriptor@1.0.0
113 silly idealTree │ └── is-descriptor@1.0.2
113 silly idealTree ├─┬ fill-range@4.0.0
113 silly idealTree │ └── extend-shallow@2.0.1
113 silly idealTree ├── finalhandler@1.1.1
113 silly idealTree ├── for-in@1.0.2
113 silly idealTree ├── forwarded@0.1.2
113 silly idealTree ├── fragment-cache@0.2.1
113 silly idealTree ├── fresh@0.5.2
113 silly idealTree ├── from@0.1.7
113 silly idealTree ├── g@2.0.1
113 silly idealTree ├── get-stream@3.0.0
113 silly idealTree ├── get-value@2.0.6
113 silly idealTree ├─┬ glob-parent@3.1.0
113 silly idealTree │ └── is-glob@3.1.0
113 silly idealTree ├── global-dirs@0.1.1
113 silly idealTree ├── got@6.7.1
113 silly idealTree ├── graceful-fs@4.1.11
113 silly idealTree ├── has-binary2@1.0.3
113 silly idealTree ├── has-cors@1.1.0
113 silly idealTree ├── has-flag@3.0.0
113 silly idealTree ├── has-value@1.0.0
113 silly idealTree ├─┬ has-values@1.0.0
113 silly idealTree │ └── kind-of@4.0.0
113 silly idealTree ├── http-errors@1.6.3
113 silly idealTree ├── iconv-lite@0.4.19
113 silly idealTree ├── ignore-by-default@1.0.1
113 silly idealTree ├── import-lazy@2.1.0
113 silly idealTree ├── imurmurhash@0.1.4
113 silly idealTree ├── indexof@0.0.1
113 silly idealTree ├── inherits@2.0.3
113 silly idealTree ├── ini@1.3.5
113 silly idealTree ├── ipaddr.js@1.8.0
113 silly idealTree ├─┬ is-accessor-descriptor@0.1.6
113 silly idealTree │ └── kind-of@3.2.2
113 silly idealTree ├── is-binary-path@1.0.1
113 silly idealTree ├── is-buffer@1.1.6
113 silly idealTree ├── is-ci@1.2.0
113 silly idealTree ├─┬ is-data-descriptor@0.1.4
113 silly idealTree │ └── kind-of@3.2.2
113 silly idealTree ├─┬ is-descriptor@0.1.6
113 silly idealTree │ └── kind-of@5.1.0
113 silly idealTree ├── is-extendable@0.1.1
113 silly idealTree ├── is-extglob@2.1.1
113 silly idealTree ├── is-fullwidth-code-point@2.0.0
113 silly idealTree ├── is-glob@4.0.0
113 silly idealTree ├── is-installed-globally@0.1.0
113 silly idealTree ├── is-npm@1.0.0
113 silly idealTree ├─┬ is-number@3.0.0
113 silly idealTree │ └── kind-of@3.2.2
113 silly idealTree ├── is-obj@1.0.1
113 silly idealTree ├── is-path-inside@1.0.1
113 silly idealTree ├── is-plain-object@2.0.4
113 silly idealTree ├── is-redirect@1.0.0
113 silly idealTree ├── is-retry-allowed@1.1.0
113 silly idealTree ├── is-stream@1.1.0
113 silly idealTree ├── is-windows@1.0.2
113 silly idealTree ├── isarray@2.0.1
113 silly idealTree ├── isexe@2.0.0
113 silly idealTree ├── isobject@3.0.1
113 silly idealTree ├── kind-of@6.0.2
113 silly idealTree ├── latest-version@3.1.0
113 silly idealTree ├── lodash.debounce@4.0.8
113 silly idealTree ├── lowercase-keys@1.0.1
113 silly idealTree ├── lru-cache@4.1.3
113 silly idealTree ├── make-dir@1.3.0
113 silly idealTree ├── map-cache@0.2.2
113 silly idealTree ├── map-stream@0.0.7
113 silly idealTree ├── map-visit@1.0.0
113 silly idealTree ├── media-typer@0.3.0
113 silly idealTree ├── merge-descriptors@1.0.1
113 silly idealTree ├── methods@1.1.2
113 silly idealTree ├── micromatch@3.1.10
113 silly idealTree ├── mime-db@1.36.0
113 silly idealTree ├── mime-types@2.1.20
113 silly idealTree ├── mime@1.4.1
113 silly idealTree ├── minimatch@3.0.4
113 silly idealTree ├── minimist@1.2.0
113 silly idealTree ├─┬ mixin-deep@1.3.1
113 silly idealTree │ └── is-extendable@1.0.1
113 silly idealTree ├── ms@2.0.0
113 silly idealTree ├── nanomatch@1.2.13
113 silly idealTree ├── negotiator@0.6.1
113 silly idealTree ├─┬ nodemon@1.18.4
113 silly idealTree │ └── debug@3.1.0
113 silly idealTree ├── nopt@1.0.10
113 silly idealTree ├── normalize-path@2.1.1
113 silly idealTree ├── npm-run-path@2.0.2
113 silly idealTree ├── object-component@0.0.3
113 silly idealTree ├─┬ object-copy@0.1.0
113 silly idealTree │ ├── define-property@0.2.5
113 silly idealTree │ └── kind-of@3.2.2
113 silly idealTree ├── object-visit@1.0.1
113 silly idealTree ├── object.pick@1.3.0
113 silly idealTree ├── on-finished@2.3.0
113 silly idealTree ├── p-finally@1.0.0
113 silly idealTree ├── package-json@4.0.1
113 silly idealTree ├── parseqs@0.0.5
113 silly idealTree ├── parseuri@0.0.5
113 silly idealTree ├── parseurl@1.3.2
113 silly idealTree ├── pascalcase@0.1.1
113 silly idealTree ├── path-dirname@1.0.2
113 silly idealTree ├── path-is-absolute@1.0.1
113 silly idealTree ├── path-is-inside@1.0.2
113 silly idealTree ├── path-key@2.0.1
113 silly idealTree ├── path-to-regexp@0.1.7
113 silly idealTree ├── pause-stream@0.0.11
113 silly idealTree ├── pify@3.0.0
113 silly idealTree ├── posix-character-classes@0.1.1
113 silly idealTree ├── prepend-http@1.0.4
113 silly idealTree ├── process-nextick-args@2.0.0
113 silly idealTree ├── proxy-addr@2.0.4
113 silly idealTree ├── ps-tree@1.1.0
113 silly idealTree ├── pseudomap@1.0.2
113 silly idealTree ├── pstree.remy@1.1.0
113 silly idealTree ├── qs@6.5.1
113 silly idealTree ├── range-parser@1.2.0
113 silly idealTree ├─┬ raw-body@2.3.2
113 silly idealTree │ ├── depd@1.1.1
113 silly idealTree │ ├── http-errors@1.6.2
113 silly idealTree │ └── setprototypeof@1.0.3
113 silly idealTree ├── rc@1.2.8
113 silly idealTree ├─┬ readable-stream@2.3.6
113 silly idealTree │ └── isarray@1.0.0
113 silly idealTree ├── readdirp@2.1.0
113 silly idealTree ├── regex-not@1.0.2
113 silly idealTree ├── registry-auth-token@3.3.2
113 silly idealTree ├── registry-url@3.1.0
113 silly idealTree ├── remove-trailing-separator@1.1.0
113 silly idealTree ├── repeat-element@1.1.3
113 silly idealTree ├── repeat-string@1.6.1
113 silly idealTree ├── resolve-url@0.2.1
113 silly idealTree ├── ret@0.1.15
113 silly idealTree ├── safe-buffer@5.1.1
113 silly idealTree ├── safe-regex@1.1.0
113 silly idealTree ├── semver-diff@2.1.0
113 silly idealTree ├── semver@5.5.1
113 silly idealTree ├── send@0.16.2
113 silly idealTree ├── serve-static@1.13.2
113 silly idealTree ├── set-immediate-shim@1.0.1
113 silly idealTree ├─┬ set-value@2.0.0
113 silly idealTree │ └── extend-shallow@2.0.1
113 silly idealTree ├── setprototypeof@1.1.0
113 silly idealTree ├── shebang-command@1.2.0
113 silly idealTree ├── shebang-regex@1.0.0
113 silly idealTree ├── signal-exit@3.0.2
113 silly idealTree ├─┬ snapdragon-node@2.1.1
113 silly idealTree │ ├── define-property@1.0.0
113 silly idealTree │ ├── is-accessor-descriptor@1.0.0
113 silly idealTree │ ├── is-data-descriptor@1.0.0
113 silly idealTree │ └── is-descriptor@1.0.2
113 silly idealTree ├─┬ snapdragon-util@3.0.1
113 silly idealTree │ └── kind-of@3.2.2
113 silly idealTree ├─┬ snapdragon@0.8.2
113 silly idealTree │ ├── define-property@0.2.5
113 silly idealTree │ └── extend-shallow@2.0.1
113 silly idealTree ├── socket.io-adapter@1.1.1
113 silly idealTree ├─┬ socket.io-client@2.1.1
113 silly idealTree │ └── debug@3.1.0
113 silly idealTree ├─┬ socket.io-parser@3.2.0
113 silly idealTree │ └── debug@3.1.0
113 silly idealTree ├─┬ socket.io@2.1.1
113 silly idealTree │ └── debug@3.1.0
113 silly idealTree ├── source-map-resolve@0.5.2
113 silly idealTree ├── source-map-url@0.4.0
113 silly idealTree ├── source-map@0.5.7
113 silly idealTree ├── split-string@3.1.0
113 silly idealTree ├── split@1.0.1
113 silly idealTree ├─┬ static-extend@0.1.2
113 silly idealTree │ └── define-property@0.2.5
113 silly idealTree ├── statuses@1.4.0
113 silly idealTree ├── stream-combiner@0.2.2
113 silly idealTree ├── string_decoder@1.1.1
113 silly idealTree ├── string-width@2.1.1
113 silly idealTree ├── strip-ansi@4.0.0
113 silly idealTree ├── strip-eof@1.0.0
113 silly idealTree ├── strip-json-comments@2.0.1
113 silly idealTree ├── supports-color@5.5.0
113 silly idealTree ├── term-size@1.2.0
113 silly idealTree ├── through@2.3.8
113 silly idealTree ├── timed-out@4.0.1
113 silly idealTree ├── to-array@0.1.4
113 silly idealTree ├─┬ to-object-path@0.3.0
113 silly idealTree │ └── kind-of@3.2.2
113 silly idealTree ├── to-regex-range@2.1.1
113 silly idealTree ├── to-regex@3.0.2
113 silly idealTree ├── touch@3.1.0
113 silly idealTree ├── type-is@1.6.16
113 silly idealTree ├── ultron@1.1.1
113 silly idealTree ├── undefsafe@2.0.2
113 silly idealTree ├─┬ union-value@1.0.0
113 silly idealTree │ ├── extend-shallow@2.0.1
113 silly idealTree │ └── set-value@0.4.3
113 silly idealTree ├── unique-string@1.0.0
113 silly idealTree ├── unpipe@1.0.0
113 silly idealTree ├─┬ unset-value@1.0.0
113 silly idealTree │ ├─┬ has-value@0.3.1
113 silly idealTree │ │ └── isobject@2.1.0
113 silly idealTree │ ├── has-values@0.1.4
113 silly idealTree │ └── isarray@1.0.0
113 silly idealTree ├── unzip-response@2.0.1
113 silly idealTree ├── upath@1.1.0
113 silly idealTree ├── update-notifier@2.5.0
113 silly idealTree ├── urix@0.1.0
113 silly idealTree ├── url-parse-lax@1.0.0
113 silly idealTree ├── use@3.1.1
113 silly idealTree ├── util-deprecate@1.0.2
113 silly idealTree ├── utils-merge@1.0.1
113 silly idealTree ├── vary@1.1.2
113 silly idealTree ├── which@1.3.1
113 silly idealTree ├── widest-line@2.0.0
113 silly idealTree ├── write-file-atomic@2.3.0
113 silly idealTree ├── ws@3.3.3
113 silly idealTree ├── xdg-basedir@3.0.0
113 silly idealTree ├── xmlhttprequest-ssl@1.5.5
113 silly idealTree ├── yallist@2.1.2
113 silly idealTree └── yeast@0.1.2
114 silly generateActionsToTake Starting
115 silly install generateActionsToTake
116 silly generateActionsToTake Finishing
117 silly diffTrees action count 5
118 silly diffTrees add debug@3.1.0
119 silly diffTrees update express@4.16.3
120 silly diffTrees update g@2.0.1
121 silly diffTrees add nodemon@1.18.4
122 silly diffTrees update socket.io@2.1.1
123 silly decomposeActions action count 40
124 silly decomposeActions fetch debug@3.1.0
125 silly decomposeActions extract debug@3.1.0
126 silly decomposeActions test debug@3.1.0
127 silly decomposeActions preinstall debug@3.1.0
128 silly decomposeActions build debug@3.1.0
129 silly decomposeActions install debug@3.1.0
130 silly decomposeActions postinstall debug@3.1.0
131 silly decomposeActions finalize debug@3.1.0
132 silly decomposeActions fetch express@4.16.3
133 silly decomposeActions extract express@4.16.3
134 silly decomposeActions test express@4.16.3
135 silly decomposeActions preinstall express@4.16.3
136 silly decomposeActions build express@4.16.3
137 silly decomposeActions install express@4.16.3
138 silly decomposeActions postinstall express@4.16.3
139 silly decomposeActions finalize express@4.16.3
140 silly decomposeActions fetch g@2.0.1
141 silly decomposeActions extract g@2.0.1
142 silly decomposeActions test g@2.0.1
143 silly decomposeActions preinstall g@2.0.1
144 silly decomposeActions build g@2.0.1
145 silly decomposeActions install g@2.0.1
146 silly decomposeActions postinstall g@2.0.1
147 silly decomposeActions finalize g@2.0.1
148 silly decomposeActions fetch nodemon@1.18.4
149 silly decomposeActions extract nodemon@1.18.4
150 silly decomposeActions test nodemon@1.18.4
151 silly decomposeActions preinstall nodemon@1.18.4
152 silly decomposeActions build nodemon@1.18.4
153 silly decomposeActions install nodemon@1.18.4
154 silly decomposeActions postinstall nodemon@1.18.4
155 silly decomposeActions finalize nodemon@1.18.4
156 silly decomposeActions fetch socket.io@2.1.1
157 silly decomposeActions extract socket.io@2.1.1
158 silly decomposeActions test socket.io@2.1.1
159 silly decomposeActions preinstall socket.io@2.1.1
160 silly decomposeActions build socket.io@2.1.1
161 silly decomposeActions install socket.io@2.1.1
162 silly decomposeActions postinstall socket.io@2.1.1
163 silly decomposeActions finalize socket.io@2.1.1
164 silly executeActions Starting
165 silly install executeActions
166 silly doSerial global-install 0
167 silly doParallel fetch 5
168 verbose lock using /home/matt/.npm/_locks/staging-e8650a5429826c6c.lock for /home/matt/browser-snake/server/node_modules/.staging
169 silly doParallel extract 5
170 silly extract debug@3.1.0
171 silly extract express@4.16.3
172 silly extract g@2.0.1
173 silly extract nodemon@1.18.4
174 silly extract socket.io@2.1.1
175 verbose unbuild node_modules/.staging/debug-9631aff1
176 verbose unbuild node_modules/.staging/express-05810345
177 verbose unbuild node_modules/.staging/g-9c3997a1
178 verbose unbuild node_modules/.staging/socket.io-986cce7d
179 verbose unbuild node_modules/.staging/nodemon-977c60f4
180 silly gentlyRm /home/matt/browser-snake/server/node_modules/.staging/debug-9631aff1 is being purged from base /home/matt/browser-snake/server
181 verbose gentlyRm don't care about contents; nuking /home/matt/browser-snake/server/node_modules/.staging/debug-9631aff1
182 silly gentlyRm /home/matt/browser-snake/server/node_modules/.staging/express-05810345 is being purged from base /home/matt/browser-snake/server
183 verbose gentlyRm don't care about contents; nuking /home/matt/browser-snake/server/node_modules/.staging/express-05810345
184 silly gentlyRm /home/matt/browser-snake/server/node_modules/.staging/g-9c3997a1 is being purged from base /home/matt/browser-snake/server
185 verbose gentlyRm don't care about contents; nuking /home/matt/browser-snake/server/node_modules/.staging/g-9c3997a1
186 silly gentlyRm /home/matt/browser-snake/server/node_modules/.staging/socket.io-986cce7d is being purged from base /home/matt/browser-snake/server
187 verbose gentlyRm don't care about contents; nuking /home/matt/browser-snake/server/node_modules/.staging/socket.io-986cce7d
188 verbose tar unpack /home/matt/.npm/debug/3.1.0/package.tgz
189 verbose tar unpacking to /home/matt/browser-snake/server/node_modules/.staging/debug-9631aff1
190 silly gentlyRm /home/matt/browser-snake/server/node_modules/.staging/debug-9631aff1 is being purged
191 verbose gentlyRm don't care about contents; nuking /home/matt/browser-snake/server/node_modules/.staging/debug-9631aff1
192 verbose tar unpack /home/matt/.npm/express/4.16.3/package.tgz
193 verbose tar unpacking to /home/matt/browser-snake/server/node_modules/.staging/express-05810345
194 silly gentlyRm /home/matt/browser-snake/server/node_modules/.staging/express-05810345 is being purged
195 verbose gentlyRm don't care about contents; nuking /home/matt/browser-snake/server/node_modules/.staging/express-05810345
196 verbose tar unpack /home/matt/.npm/g/2.0.1/package.tgz
197 verbose tar unpacking to /home/matt/browser-snake/server/node_modules/.staging/g-9c3997a1
198 silly gentlyRm /home/matt/browser-snake/server/node_modules/.staging/g-9c3997a1 is being purged
199 verbose gentlyRm don't care about contents; nuking /home/matt/browser-snake/server/node_modules/.staging/g-9c3997a1
200 silly gentlyRm /home/matt/browser-snake/server/node_modules/.staging/nodemon-977c60f4 is being purged from base /home/matt/browser-snake/server
201 verbose gentlyRm don't care about contents; nuking /home/matt/browser-snake/server/node_modules/.staging/nodemon-977c60f4
202 verbose tar unpack /home/matt/.npm/socket.io/2.1.1/package.tgz
203 verbose tar unpacking to /home/matt/browser-snake/server/node_modules/.staging/socket.io-986cce7d
204 silly gentlyRm /home/matt/browser-snake/server/node_modules/.staging/socket.io-986cce7d is being purged
205 verbose gentlyRm don't care about contents; nuking /home/matt/browser-snake/server/node_modules/.staging/socket.io-986cce7d
206 silly gunzTarPerm modes [ '755', '644' ]
207 silly gunzTarPerm modes [ '755', '644' ]
208 silly gunzTarPerm modes [ '755', '644' ]
209 verbose tar unpack /home/matt/.npm/nodemon/1.18.4/package.tgz
210 verbose tar unpacking to /home/matt/browser-snake/server/node_modules/.staging/nodemon-977c60f4
211 silly gentlyRm /home/matt/browser-snake/server/node_modules/.staging/nodemon-977c60f4 is being purged
212 verbose gentlyRm don't care about contents; nuking /home/matt/browser-snake/server/node_modules/.staging/nodemon-977c60f4
213 silly gunzTarPerm modes [ '755', '644' ]
214 silly gunzTarPerm modes [ '755', '644' ]
215 silly gunzTarPerm extractEntry package.json
216 silly gunzTarPerm extractEntry package.json
217 silly gunzTarPerm extractEntry package.json
218 silly gunzTarPerm extractEntry package.json
219 silly gunzTarPerm modified mode [ 'package.json', 436, 420 ]
220 silly gunzTarPerm extractEntry package.json
221 silly gunzTarPerm modified mode [ 'package.json', 436, 420 ]
222 silly gunzTarPerm extractEntry .npmignore
223 silly gunzTarPerm extractEntry README.md
224 silly gunzTarPerm extractEntry LICENSE
225 silly gunzTarPerm extractEntry index.js
226 silly gunzTarPerm extractEntry README.md
227 silly gunzTarPerm extractEntry LICENSE
228 silly gunzTarPerm extractEntry LICENSE
229 silly gunzTarPerm modified mode [ 'LICENSE', 436, 420 ]
230 silly gunzTarPerm extractEntry Readme.md
231 silly gunzTarPerm modified mode [ 'Readme.md', 436, 420 ]
232 silly gunzTarPerm extractEntry .jscsrc
233 silly gunzTarPerm modified mode [ '.jscsrc', 436, 420 ]
234 silly gunzTarPerm extractEntry .jshintrc
235 silly gunzTarPerm modified mode [ '.jshintrc', 436, 420 ]
236 silly gunzTarPerm extractEntry index.js
237 silly gunzTarPerm extractEntry test.js
238 silly gunzTarPerm extractEntry LICENSE
239 silly gunzTarPerm extractEntry Readme.md
240 silly gunzTarPerm extractEntry History.md
241 silly gunzTarPerm extractEntry lib/client.js
242 silly gunzTarPerm modified mode [ 'lib/client.js', 436, 420 ]
243 silly gunzTarPerm extractEntry .travis.yml
244 silly gunzTarPerm modified mode [ '.travis.yml', 436, 420 ]
245 silly gunzTarPerm extractEntry commitlint.config.js
246 silly gunzTarPerm modified mode [ 'commitlint.config.js', 436, 420 ]
247 silly gunzTarPerm extractEntry karma.conf.js
248 silly gunzTarPerm extractEntry node.js
249 silly gunzTarPerm extractEntry .eslintrc
250 silly gunzTarPerm extractEntry lib/application.js
251 silly gunzTarPerm extractEntry README.md
252 silly gunzTarPerm modified mode [ 'README.md', 436, 420 ]
253 silly gunzTarPerm extractEntry bin/nodemon.js
254 silly gunzTarPerm modified mode [ 'bin/nodemon.js', 509, 493 ]
255 silly gunzTarPerm extractEntry bin/postinstall.js
256 silly gunzTarPerm modified mode [ 'bin/postinstall.js', 509, 493 ]
257 silly gunzTarPerm extractEntry doc/cli/authors.txt
258 silly gunzTarPerm modified mode [ 'doc/cli/authors.txt', 436, 420 ]
259 silly gunzTarPerm extractEntry doc/cli/config.txt
260 silly gunzTarPerm modified mode [ 'doc/cli/config.txt', 436, 420 ]
261 silly gunzTarPerm extractEntry doc/cli/help.txt
262 silly gunzTarPerm modified mode [ 'doc/cli/help.txt', 436, 420 ]
263 silly gunzTarPerm extractEntry doc/cli/logo.txt
264 silly gunzTarPerm modified mode [ 'doc/cli/logo.txt', 436, 420 ]
265 silly gunzTarPerm extractEntry doc/cli/options.txt
266 silly gunzTarPerm modified mode [ 'doc/cli/options.txt', 436, 420 ]
267 silly gunzTarPerm extractEntry doc/cli/topics.txt
268 silly gunzTarPerm modified mode [ 'doc/cli/topics.txt', 436, 420 ]
269 silly gunzTarPerm extractEntry doc/cli/usage.txt
270 silly gunzTarPerm modified mode [ 'doc/cli/usage.txt', 436, 420 ]
271 silly gunzTarPerm extractEntry doc/cli/whoami.txt
272 silly gunzTarPerm modified mode [ 'doc/cli/whoami.txt', 436, 420 ]
273 silly gunzTarPerm extractEntry lib/cli/index.js
274 silly gunzTarPerm modified mode [ 'lib/cli/index.js', 436, 420 ]
275 silly gunzTarPerm extractEntry lib/cli/parse.js
276 silly gunzTarPerm modified mode [ 'lib/cli/parse.js', 436, 420 ]
277 silly gunzTarPerm extractEntry lib/config/command.js
278 silly gunzTarPerm modified mode [ 'lib/config/command.js', 436, 420 ]
279 silly gunzTarPerm extractEntry lib/config/defaults.js
280 silly gunzTarPerm modified mode [ 'lib/config/defaults.js', 436, 420 ]
281 silly gunzTarPerm extractEntry lib/config/exec.js
282 silly gunzTarPerm modified mode [ 'lib/config/exec.js', 436, 420 ]
283 silly gunzTarPerm extractEntry lib/config/index.js
284 silly gunzTarPerm modified mode [ 'lib/config/index.js', 436, 420 ]
285 silly gunzTarPerm extractEntry lib/config/load.js
286 silly gunzTarPerm modified mode [ 'lib/config/load.js', 436, 420 ]
287 silly gunzTarPerm extractEntry lib/help/index.js
288 silly gunzTarPerm modified mode [ 'lib/help/index.js', 436, 420 ]
289 silly gunzTarPerm extractEntry lib/index.js
290 silly gunzTarPerm modified mode [ 'lib/index.js', 436, 420 ]
291 silly gunzTarPerm extractEntry lib/monitor/index.js
292 silly gunzTarPerm modified mode [ 'lib/monitor/index.js', 436, 420 ]
293 silly gunzTarPerm extractEntry lib/monitor/match.js
294 silly gunzTarPerm modified mode [ 'lib/monitor/match.js', 436, 420 ]
295 silly gunzTarPerm extractEntry lib/monitor/run.js
296 silly gunzTarPerm modified mode [ 'lib/monitor/run.js', 436, 420 ]
297 silly gunzTarPerm extractEntry lib/monitor/signals.js
298 silly gunzTarPerm modified mode [ 'lib/monitor/signals.js', 436, 420 ]
299 silly gunzTarPerm extractEntry lib/monitor/watch.js
300 silly gunzTarPerm modified mode [ 'lib/monitor/watch.js', 436, 420 ]
301 silly gunzTarPerm extractEntry lib/nodemon.js
302 silly gunzTarPerm modified mode [ 'lib/nodemon.js', 436, 420 ]
303 silly gunzTarPerm extractEntry lib/rules/add.js
304 silly gunzTarPerm modified mode [ 'lib/rules/add.js', 436, 420 ]
305 silly gunzTarPerm extractEntry lib/rules/index.js
306 silly gunzTarPerm modified mode [ 'lib/rules/index.js', 436, 420 ]
307 silly gunzTarPerm extractEntry lib/rules/parse.js
308 silly gunzTarPerm modified mode [ 'lib/rules/parse.js', 436, 420 ]
309 silly gunzTarPerm extractEntry lib/spawn.js
310 silly gunzTarPerm modified mode [ 'lib/spawn.js', 436, 420 ]
311 silly gunzTarPerm extractEntry lib/utils/bus.js
312 silly gunzTarPerm modified mode [ 'lib/utils/bus.js', 436, 420 ]
313 silly gunzTarPerm extractEntry lib/utils/clone.js
314 silly gunzTarPerm modified mode [ 'lib/utils/clone.js', 436, 420 ]
315 silly gunzTarPerm extractEntry lib/utils/colour.js
316 silly gunzTarPerm modified mode [ 'lib/utils/colour.js', 436, 420 ]
317 silly gunzTarPerm extractEntry lib/utils/index.js
318 silly gunzTarPerm modified mode [ 'lib/utils/index.js', 436, 420 ]
319 silly gunzTarPerm extractEntry lib/utils/log.js
320 silly gunzTarPerm modified mode [ 'lib/utils/log.js', 436, 420 ]
321 silly gunzTarPerm extractEntry lib/utils/merge.js
322 silly gunzTarPerm modified mode [ 'lib/utils/merge.js', 436, 420 ]
323 silly gunzTarPerm extractEntry lib/version.js
324 silly gunzTarPerm modified mode [ 'lib/version.js', 436, 420 ]
325 silly gunzTarPerm extractEntry lib/index.js
326 silly gunzTarPerm modified mode [ 'lib/index.js', 436, 420 ]
327 silly gunzTarPerm extractEntry lib/namespace.js
328 silly gunzTarPerm modified mode [ 'lib/namespace.js', 436, 420 ]
329 silly gunzTarPerm extractEntry Makefile
330 silly gunzTarPerm extractEntry lib/express.js
331 silly gunzTarPerm extractEntry lib/request.js
332 silly gunzTarPerm extractEntry lib/parent-namespace.js
333 silly gunzTarPerm modified mode [ 'lib/parent-namespace.js', 436, 420 ]
334 silly gunzTarPerm extractEntry lib/socket.js
335 silly gunzTarPerm modified mode [ 'lib/socket.js', 436, 420 ]
336 silly gunzTarPerm extractEntry .coveralls.yml
337 silly gunzTarPerm extractEntry .travis.yml
338 silly gunzTarPerm extractEntry lib/response.js
339 silly gunzTarPerm extractEntry lib/utils.js
340 silly gunzTarPerm extractEntry lib/view.js
341 silly gunzTarPerm extractEntry CHANGELOG.md
342 silly gunzTarPerm extractEntry src/browser.js
343 silly gunzTarPerm extractEntry lib/middleware/init.js
344 silly gunzTarPerm extractEntry lib/middleware/query.js
345 silly gunzTarPerm extractEntry lib/router/index.js
346 silly gunzTarPerm extractEntry lib/router/layer.js
347 silly gunzTarPerm extractEntry lib/router/route.js
348 silly gunzTarPerm extractEntry src/debug.js
349 silly gunzTarPerm extractEntry src/index.js
350 silly gunzTarPerm extractEntry src/node.js
351 silly gentlyRm /home/matt/browser-snake/server/node_modules/.staging/g-9c3997a1/node_modules is being purged
352 verbose gentlyRm don't care about contents; nuking /home/matt/browser-snake/server/node_modules/.staging/g-9c3997a1/node_modules
353 silly gentlyRm /home/matt/browser-snake/server/node_modules/.staging/socket.io-986cce7d/node_modules is being purged
354 verbose gentlyRm don't care about contents; nuking /home/matt/browser-snake/server/node_modules/.staging/socket.io-986cce7d/node_modules
355 silly gentlyRm /home/matt/browser-snake/server/node_modules/.staging/debug-9631aff1/node_modules is being purged
356 verbose gentlyRm don't care about contents; nuking /home/matt/browser-snake/server/node_modules/.staging/debug-9631aff1/node_modules
357 silly gentlyRm /home/matt/browser-snake/server/node_modules/.staging/express-05810345/node_modules is being purged
358 verbose gentlyRm don't care about contents; nuking /home/matt/browser-snake/server/node_modules/.staging/express-05810345/node_modules
359 silly gentlyRm /home/matt/browser-snake/server/node_modules/.staging/nodemon-977c60f4/node_modules is being purged
360 verbose gentlyRm don't care about contents; nuking /home/matt/browser-snake/server/node_modules/.staging/nodemon-977c60f4/node_modules
361 silly doParallel preinstall 5
362 silly preinstall debug@3.1.0 /home/matt/browser-snake/server/node_modules/.staging/debug-9631aff1
363 info lifecycle debug@3.1.0~preinstall: debug@3.1.0
364 silly preinstall express@4.16.3 /home/matt/browser-snake/server/node_modules/.staging/express-05810345
365 info lifecycle express@4.16.3~preinstall: express@4.16.3
366 silly preinstall g@2.0.1 /home/matt/browser-snake/server/node_modules/.staging/g-9c3997a1
367 info lifecycle g@2.0.1~preinstall: g@2.0.1
368 silly preinstall nodemon@1.18.4 /home/matt/browser-snake/server/node_modules/.staging/nodemon-977c60f4
369 info lifecycle nodemon@1.18.4~preinstall: nodemon@1.18.4
370 silly preinstall socket.io@2.1.1 /home/matt/browser-snake/server/node_modules/.staging/socket.io-986cce7d
371 info lifecycle socket.io@2.1.1~preinstall: socket.io@2.1.1
372 silly lifecycle debug@3.1.0~preinstall: no script for preinstall, continuing
373 silly lifecycle express@4.16.3~preinstall: no script for preinstall, continuing
374 silly lifecycle g@2.0.1~preinstall: no script for preinstall, continuing
375 silly lifecycle nodemon@1.18.4~preinstall: no script for preinstall, continuing
376 silly lifecycle socket.io@2.1.1~preinstall: no script for preinstall, continuing
377 silly doReverseSerial remove 0
378 silly doSerial move 0
379 silly doSerial finalize 5
380 silly finalize /home/matt/browser-snake/server/node_modules/nodemon/node_modules/debug
381 silly finalize /home/matt/browser-snake/server/node_modules/express
382 silly finalize /home/matt/browser-snake/server/node_modules/g
383 silly finalize /home/matt/browser-snake/server/node_modules/nodemon
384 verbose unlock done using /home/matt/.npm/_locks/staging-e8650a5429826c6c.lock for /home/matt/browser-snake/server/node_modules/.staging
385 silly rollbackFailedOptional Starting
386 silly rollbackFailedOptional Finishing
387 silly runTopLevelLifecycles Starting
388 silly runTopLevelLifecycles Finishing
389 silly install printInstalled
390 warn optional Skipping failed optional dependency /chokidar/fsevents:
391 warn notsup Not compatible with your operating system or architecture: fsevents@1.2.4
392 verbose stack Error: ENOTEMPTY: directory not empty, rename '/home/matt/browser-snake/server/node_modules/nodemon' -> '/home/matt/browser-snake/server/node_modules/.nodemon.DELETE'
392 verbose stack     at moveAway (/usr/share/npm/lib/install/action/finalize.js:38:5)
392 verbose stack     at destStatted (/usr/share/npm/lib/install/action/finalize.js:27:7)
392 verbose stack     at FSReqWrap.oncomplete (fs.js:153:5)
392 verbose stack
392 verbose stack Error: ENOTEMPTY: directory not empty, rename '/home/matt/browser-snake/server/node_modules/nodemon' -> '/home/matt/browser-snake/server/node_modules/.nodemon.DELETE'
393 verbose cwd /home/matt/browser-snake/server
394 error Linux 4.15.0-33-generic
395 error argv "/usr/bin/node" "/usr/bin/npm" "i" "nodemon"
396 error node v8.10.0
397 error npm  v3.5.2
398 error path /home/matt/browser-snake/server/node_modules/nodemon
399 error code ENOTEMPTY
400 error errno -39
401 error syscall rename
402 error ENOTEMPTY: directory not empty, rename '/home/matt/browser-snake/server/node_modules/nodemon' -> '/home/matt/browser-snake/server/node_modules/.nodemon.DELETE'
403 error If you need help, you may report this error at:
403 error     <https://github.com/npm/npm/issues>
404 verbose exit [ -39, true ]
